# JRE version: OpenJDK Runtime Environment GraalVM CE 22.3.0 (17.0.5+8) (build 17.0.5+8-jvmci-22.3-b08)
# Java VM: OpenJDK 64-Bit Server VM GraalVM CE 22.3.0 (17.0.5+8-jvmci-22.3-b08, mixed mode, sharing, tiered, jvmci, jvmci compiler, compressed oops, compressed class ptrs, parallel gc, linux-amd64)
GC Precious Log:
 CPUs: 8 total, 1 available
 Memory: 1024M
 Large Page Support: Disabled
 NUMA Support: Disabled
 Compressed Oops: Enabled (32-bit)
 Alignments: Space 512K, Generation 512K, Heap 2M
 Heap Min Capacity: 100M
 Heap Initial Capacity: 100M
 Heap Max Capacity: 512M
 Pre-touch: Disabled
 Parallel Workers: 1
Heap:
 PSYoungGen      total 28160K, used 18432K [0x00000000f5580000, 0x00000000f7780000, 0x0000000100000000)
  eden space 18432K, 100% used [0x00000000f5580000,0x00000000f6780000,0x00000000f6780000)
  from space 9728K, 0% used [0x00000000f6780000,0x00000000f6780000,0x00000000f7100000)
  to   space 5632K, 0% used [0x00000000f7200000,0x00000000f7200000,0x00000000f7780000)
 ParOldGen       total 349696K, used 349695K [0x00000000e0000000, 0x00000000f5580000, 0x00000000f5580000)
  object space 349696K, 99% used [0x00000000e0000000,0x00000000f557fda8,0x00000000f5580000)
 Metaspace       used 61815K, committed 63040K, reserved 1105920K
  class space    used 5996K, committed 6528K, reserved 1048576K
GC Heap History (20 events):
Event: 1051.882 GC heap before
{Heap before GC invocations=624 (full 518):
 PSYoungGen      total 28160K, used 18432K [0x00000000f5580000, 0x00000000f7780000, 0x0000000100000000)
  eden space 18432K, 100% used [0x00000000f5580000,0x00000000f6780000,0x00000000f6780000)
  from space 9728K, 0% used [0x00000000f6780000,0x00000000f6780000,0x00000000f7100000)
  to   space 5632K, 0% used [0x00000000f7200000,0x00000000f7200000,0x00000000f7780000)
 ParOldGen       total 349696K, used 349695K [0x00000000e0000000, 0x00000000f5580000, 0x00000000f5580000)
  object space 349696K, 99% used [0x00000000e0000000,0x00000000f557fd98,0x00000000f5580000)
 Metaspace       used 61815K, committed 63040K, reserved 1105920K
  class space    used 5996K, committed 6528K, reserved 1048576K
}
Event: 1053.478 GC heap after
{Heap after GC invocations=624 (full 518):
 PSYoungGen      total 24064K, used 18431K [0x00000000f5580000, 0x00000000f7780000, 0x0000000100000000)
  eden space 18432K, 99% used [0x00000000f5580000,0x00000000f677ff90,0x00000000f6780000)
  from space 5632K, 0% used [0x00000000f7200000,0x00000000f7200000,0x00000000f7780000)
  to   space 9728K, 0% used [0x00000000f6780000,0x00000000f6780000,0x00000000f7100000)
 ParOldGen       total 349696K, used 349694K [0x00000000e0000000, 0x00000000f5580000, 0x00000000f5580000)
  object space 349696K, 99% used [0x00000000e0000000,0x00000000f557f930,0x00000000f5580000)
 Metaspace       used 61815K, committed 63040K, reserved 1105920K
  class space    used 5996K, committed 6528K, reserved 1048576K
}
Event: 1053.479 GC heap before
{Heap before GC invocations=625 (full 519):
 PSYoungGen      total 24064K, used 18432K [0x00000000f5580000, 0x00000000f7780000, 0x0000000100000000)
  eden space 18432K, 100% used [0x00000000f5580000,0x00000000f6780000,0x00000000f6780000)
  from space 5632K, 0% used [0x00000000f7200000,0x00000000f7200000,0x00000000f7780000)
  to   space 9728K, 0% used [0x00000000f6780000,0x00000000f6780000,0x00000000f7100000)
 ParOldGen       total 349696K, used 349695K [0x00000000e0000000, 0x00000000f5580000, 0x00000000f5580000)
  object space 349696K, 99% used [0x00000000e0000000,0x00000000f557fe08,0x00000000f5580000)
 Metaspace       used 61815K, committed 63040K, reserved 1105920K
  class space    used 5996K, committed 6528K, reserved 1048576K
}
Event: 1055.204 GC heap after
{Heap after GC invocations=625 (full 519):
 PSYoungGen      total 28160K, used 18431K [0x00000000f5580000, 0x00000000f7780000, 0x0000000100000000)
  eden space 18432K, 99% used [0x00000000f5580000,0x00000000f677ff28,0x00000000f6780000)
  from space 9728K, 0% used [0x00000000f6780000,0x00000000f6780000,0x00000000f7100000)
  to   space 5632K, 0% used [0x00000000f7200000,0x00000000f7200000,0x00000000f7780000)
 ParOldGen       total 349696K, used 349694K [0x00000000e0000000, 0x00000000f5580000, 0x00000000f5580000)
  object space 349696K, 99% used [0x00000000e0000000,0x00000000f557fa18,0x00000000f5580000)
 Metaspace       used 61815K, committed 63040K, reserved 1105920K
  class space    used 5996K, committed 6528K, reserved 1048576K
}
Event: 1055.204 GC heap before
{Heap before GC invocations=626 (full 520):
 PSYoungGen      total 28160K, used 18431K [0x00000000f5580000, 0x00000000f7780000, 0x0000000100000000)
  eden space 18432K, 99% used [0x00000000f5580000,0x00000000f677ff28,0x00000000f6780000)
  from space 9728K, 0% used [0x00000000f6780000,0x00000000f6780000,0x00000000f7100000)
  to   space 5632K, 0% used [0x00000000f7200000,0x00000000f7200000,0x00000000f7780000)
 ParOldGen       total 349696K, used 349694K [0x00000000e0000000, 0x00000000f5580000, 0x00000000f5580000)
  object space 349696K, 99% used [0x00000000e0000000,0x00000000f557fa18,0x00000000f5580000)
 Metaspace       used 61815K, committed 63040K, reserved 1105920K
  class space    used 5996K, committed 6528K, reserved 1048576K
}
Event: 1056.799 GC heap after
{Heap after GC invocations=626 (full 520):
 PSYoungGen      total 24064K, used 18431K [0x00000000f5580000, 0x00000000f7780000, 0x0000000100000000)
  eden space 18432K, 99% used [0x00000000f5580000,0x00000000f677ff28,0x00000000f6780000)
  from space 5632K, 0% used [0x00000000f7200000,0x00000000f7200000,0x00000000f7780000)
  to   space 9728K, 0% used [0x00000000f6780000,0x00000000f6780000,0x00000000f7100000)
 ParOldGen       total 349696K, used 349694K [0x00000000e0000000, 0x00000000f5580000, 0x00000000f5580000)
  object space 349696K, 99% used [0x00000000e0000000,0x00000000f557fa18,0x00000000f5580000)
 Metaspace       used 61815K, committed 63040K, reserved 1105920K
  class space    used 5996K, committed 6528K, reserved 1048576K
}
Event: 1056.800 GC heap before
{Heap before GC invocations=627 (full 521):
 PSYoungGen      total 24064K, used 18432K [0x00000000f5580000, 0x00000000f7780000, 0x0000000100000000)
  eden space 18432K, 100% used [0x00000000f5580000,0x00000000f6780000,0x00000000f6780000)
  from space 5632K, 0% used [0x00000000f7200000,0x00000000f7200000,0x00000000f7780000)
  to   space 9728K, 0% used [0x00000000f6780000,0x00000000f6780000,0x00000000f7100000)
 ParOldGen       total 349696K, used 349695K [0x00000000e0000000, 0x00000000f5580000, 0x00000000f5580000)
  object space 349696K, 99% used [0x00000000e0000000,0x00000000f557fff8,0x00000000f5580000)
 Metaspace       used 61815K, committed 63040K, reserved 1105920K
  class space    used 5996K, committed 6528K, reserved 1048576K
}
Event: 1058.588 GC heap after
{Heap after GC invocations=627 (full 521):
 PSYoungGen      total 28160K, used 18431K [0x00000000f5580000, 0x00000000f7780000, 0x0000000100000000)
  eden space 18432K, 99% used [0x00000000f5580000,0x00000000f677fee8,0x00000000f6780000)
  from space 9728K, 0% used [0x00000000f6780000,0x00000000f6780000,0x00000000f7100000)
  to   space 5632K, 0% used [0x00000000f7200000,0x00000000f7200000,0x00000000f7780000)
 ParOldGen       total 349696K, used 349692K [0x00000000e0000000, 0x00000000f5580000, 0x00000000f5580000)
  object space 349696K, 99% used [0x00000000e0000000,0x00000000f557f3c0,0x00000000f5580000)
 Metaspace       used 61815K, committed 63040K, reserved 1105920K
  class space    used 5996K, committed 6528K, reserved 1048576K
}
Event: 1058.588 GC heap before
{Heap before GC invocations=628 (full 522):
 PSYoungGen      total 28160K, used 18431K [0x00000000f5580000, 0x00000000f7780000, 0x0000000100000000)
  eden space 18432K, 99% used [0x00000000f5580000,0x00000000f677fff8,0x00000000f6780000)
  from space 9728K, 0% used [0x00000000f6780000,0x00000000f6780000,0x00000000f7100000)
  to   space 5632K, 0% used [0x00000000f7200000,0x00000000f7200000,0x00000000f7780000)
 ParOldGen       total 349696K, used 349692K [0x00000000e0000000, 0x00000000f5580000, 0x00000000f5580000)
  object space 349696K, 99% used [0x00000000e0000000,0x00000000f557f3c0,0x00000000f5580000)
 Metaspace       used 61815K, committed 63040K, reserved 1105920K
  class space    used 5996K, committed 6528K, reserved 1048576K
}
Event: 1059.980 GC heap after
{Heap after GC invocations=628 (full 522):
 PSYoungGen      total 24064K, used 18431K [0x00000000f5580000, 0x00000000f7780000, 0x0000000100000000)
  eden space 18432K, 99% used [0x00000000f5580000,0x00000000f677ff38,0x00000000f6780000)
  from space 5632K, 0% used [0x00000000f7200000,0x00000000f7200000,0x00000000f7780000)
  to   space 9728K, 0% used [0x00000000f6780000,0x00000000f6780000,0x00000000f7100000)
 ParOldGen       total 349696K, used 349692K [0x00000000e0000000, 0x00000000f5580000, 0x00000000f5580000)
  object space 349696K, 99% used [0x00000000e0000000,0x00000000f557f3c0,0x00000000f5580000)
 Metaspace       used 61815K, committed 63040K, reserved 1105920K
  class space    used 5996K, committed 6528K, reserved 1048576K
}
Event: 1059.980 GC heap before
{Heap before GC invocations=629 (full 523):
 PSYoungGen      total 24064K, used 18431K [0x00000000f5580000, 0x00000000f7780000, 0x0000000100000000)
  eden space 18432K, 99% used [0x00000000f5580000,0x00000000f677ff70,0x00000000f6780000)
  from space 5632K, 0% used [0x00000000f7200000,0x00000000f7200000,0x00000000f7780000)
  to   space 9728K, 0% used [0x00000000f6780000,0x00000000f6780000,0x00000000f7100000)
 ParOldGen       total 349696K, used 349692K [0x00000000e0000000, 0x00000000f5580000, 0x00000000f5580000)
  object space 349696K, 99% used [0x00000000e0000000,0x00000000f557f3c0,0x00000000f5580000)
 Metaspace       used 61815K, committed 63040K, reserved 1105920K
  class space    used 5996K, committed 6528K, reserved 1048576K
}
Event: 1061.692 GC heap after
{Heap after GC invocations=629 (full 523):
 PSYoungGen      total 28160K, used 18431K [0x00000000f5580000, 0x00000000f7780000, 0x0000000100000000)
  eden space 18432K, 99% used [0x00000000f5580000,0x00000000f677ff70,0x00000000f6780000)
  from space 9728K, 0% used [0x00000000f6780000,0x00000000f6780000,0x00000000f7100000)
  to   space 5632K, 0% used [0x00000000f7200000,0x00000000f7200000,0x00000000f7780000)
 ParOldGen       total 349696K, used 349692K [0x00000000e0000000, 0x00000000f5580000, 0x00000000f5580000)
  object space 349696K, 99% used [0x00000000e0000000,0x00000000f557f3c0,0x00000000f5580000)
 Metaspace       used 61815K, committed 63040K, reserved 1105920K
  class space    used 5996K, committed 6528K, reserved 1048576K
}
Event: 1061.692 GC heap before
{Heap before GC invocations=630 (full 524):
 PSYoungGen      total 28160K, used 18431K [0x00000000f5580000, 0x00000000f7780000, 0x0000000100000000)
  eden space 18432K, 99% used [0x00000000f5580000,0x00000000f677fff8,0x00000000f6780000)
  from space 9728K, 0% used [0x00000000f6780000,0x00000000f6780000,0x00000000f7100000)
  to   space 5632K, 0% used [0x00000000f7200000,0x00000000f7200000,0x00000000f7780000)
 ParOldGen       total 349696K, used 349693K [0x00000000e0000000, 0x00000000f5580000, 0x00000000f5580000)
  object space 349696K, 99% used [0x00000000e0000000,0x00000000f557f658,0x00000000f5580000)
 Metaspace       used 61815K, committed 63040K, reserved 1105920K
  class space    used 5996K, committed 6528K, reserved 1048576K
}
Event: 1063.381 GC heap after
{Heap after GC invocations=630 (full 524):
 PSYoungGen      total 24064K, used 18431K [0x00000000f5580000, 0x00000000f7780000, 0x0000000100000000)
  eden space 18432K, 99% used [0x00000000f5580000,0x00000000f677ffe8,0x00000000f6780000)
  from space 5632K, 0% used [0x00000000f7200000,0x00000000f7200000,0x00000000f7780000)
  to   space 9728K, 0% used [0x00000000f6780000,0x00000000f6780000,0x00000000f7100000)
 ParOldGen       total 349696K, used 349693K [0x00000000e0000000, 0x00000000f5580000, 0x00000000f5580000)
  object space 349696K, 99% used [0x00000000e0000000,0x00000000f557f488,0x00000000f5580000)
 Metaspace       used 61815K, committed 63040K, reserved 1105920K
  class space    used 5996K, committed 6528K, reserved 1048576K
}
Event: 1063.381 GC heap before
{Heap before GC invocations=631 (full 525):
 PSYoungGen      total 24064K, used 18431K [0x00000000f5580000, 0x00000000f7780000, 0x0000000100000000)
  eden space 18432K, 99% used [0x00000000f5580000,0x00000000f677ffe8,0x00000000f6780000)
  from space 5632K, 0% used [0x00000000f7200000,0x00000000f7200000,0x00000000f7780000)
  to   space 9728K, 0% used [0x00000000f6780000,0x00000000f6780000,0x00000000f7100000)
 ParOldGen       total 349696K, used 349693K [0x00000000e0000000, 0x00000000f5580000, 0x00000000f5580000)
  object space 349696K, 99% used [0x00000000e0000000,0x00000000f557f488,0x00000000f5580000)
 Metaspace       used 61815K, committed 63040K, reserved 1105920K
  class space    used 5996K, committed 6528K, reserved 1048576K
}
Event: 1064.965 GC heap after
{Heap after GC invocations=631 (full 525):
 PSYoungGen      total 28160K, used 18431K [0x00000000f5580000, 0x00000000f7780000, 0x0000000100000000)
  eden space 18432K, 99% used [0x00000000f5580000,0x00000000f677ffe8,0x00000000f6780000)
  from space 9728K, 0% used [0x00000000f6780000,0x00000000f6780000,0x00000000f7100000)
  to   space 5632K, 0% used [0x00000000f7200000,0x00000000f7200000,0x00000000f7780000)
 ParOldGen       total 349696K, used 349693K [0x00000000e0000000, 0x00000000f5580000, 0x00000000f5580000)
  object space 349696K, 99% used [0x00000000e0000000,0x00000000f557f488,0x00000000f5580000)
 Metaspace       used 61815K, committed 63040K, reserved 1105920K
  class space    used 5996K, committed 6528K, reserved 1048576K
}
Event: 1064.975 GC heap before
{Heap before GC invocations=632 (full 526):
 PSYoungGen      total 28160K, used 18431K [0x00000000f5580000, 0x00000000f7780000, 0x0000000100000000)
  eden space 18432K, 99% used [0x00000000f5580000,0x00000000f677ffe8,0x00000000f6780000)
  from space 9728K, 0% used [0x00000000f6780000,0x00000000f6780000,0x00000000f7100000)
  to   space 5632K, 0% used [0x00000000f7200000,0x00000000f7200000,0x00000000f7780000)
 ParOldGen       total 349696K, used 349693K [0x00000000e0000000, 0x00000000f5580000, 0x00000000f5580000)
  object space 349696K, 99% used [0x00000000e0000000,0x00000000f557f488,0x00000000f5580000)
 Metaspace       used 61815K, committed 63040K, reserved 1105920K
  class space    used 5996K, committed 6528K, reserved 1048576K
}
Event: 1066.594 GC heap after
{Heap after GC invocations=632 (full 526):
 PSYoungGen      total 24064K, used 18431K [0x00000000f5580000, 0x00000000f7780000, 0x0000000100000000)
  eden space 18432K, 99% used [0x00000000f5580000,0x00000000f677ffe8,0x00000000f6780000)
  from space 5632K, 0% used [0x00000000f7200000,0x00000000f7200000,0x00000000f7780000)
  to   space 9728K, 0% used [0x00000000f6780000,0x00000000f6780000,0x00000000f7100000)
 ParOldGen       total 349696K, used 349693K [0x00000000e0000000, 0x00000000f5580000, 0x00000000f5580000)
  object space 349696K, 99% used [0x00000000e0000000,0x00000000f557f488,0x00000000f5580000)
 Metaspace       used 61815K, committed 63040K, reserved 1105920K
  class space    used 5996K, committed 6528K, reserved 1048576K
}
Event: 1066.594 GC heap before
{Heap before GC invocations=633 (full 527):
 PSYoungGen      total 24064K, used 18431K [0x00000000f5580000, 0x00000000f7780000, 0x0000000100000000)
  eden space 18432K, 99% used [0x00000000f5580000,0x00000000f677ffe8,0x00000000f6780000)
  from space 5632K, 0% used [0x00000000f7200000,0x00000000f7200000,0x00000000f7780000)
  to   space 9728K, 0% used [0x00000000f6780000,0x00000000f6780000,0x00000000f7100000)
 ParOldGen       total 349696K, used 349693K [0x00000000e0000000, 0x00000000f5580000, 0x00000000f5580000)
  object space 349696K, 99% used [0x00000000e0000000,0x00000000f557f488,0x00000000f5580000)
 Metaspace       used 61815K, committed 63040K, reserved 1105920K
  class space    used 5996K, committed 6528K, reserved 1048576K
}
Event: 1068.359 GC heap after
{Heap after GC invocations=633 (full 527):
 PSYoungGen      total 28160K, used 18431K [0x00000000f5580000, 0x00000000f7780000, 0x0000000100000000)
  eden space 18432K, 99% used [0x00000000f5580000,0x00000000f677ffe8,0x00000000f6780000)
  from space 9728K, 0% used [0x00000000f6780000,0x00000000f6780000,0x00000000f7100000)
  to   space 5632K, 0% used [0x00000000f7200000,0x00000000f7200000,0x00000000f7780000)
 ParOldGen       total 349696K, used 349693K [0x00000000e0000000, 0x00000000f5580000, 0x00000000f5580000)
  object space 349696K, 99% used [0x00000000e0000000,0x00000000f557f488,0x00000000f5580000)
 Metaspace       used 61815K, committed 63040K, reserved 1105920K
  class space    used 5996K, committed 6528K, reserved 1048576K
}

